


ARM Macro Assembler    Page 1 


    1 00000000                 AREA             PROGRAM,CODE,READONLY
    2 00000000         entry
    3 00000000 4800            LDR              R0,val1
    4 00000002 4901            LDR              R1,val2
    5 00000004         
    6 00000004                 AREA             PROGRAM,DATA,READONLY
    7 00000004 00000003 
                       val1    DCD              &00000003
    8 00000008 00000004 
                       val2    DCD              &00000004
    9 0000000C                 END
Command Line: --debug --xref --diag_suppress=9931 --cpu=Cortex-M4 --apcs=interw
ork --depend=.\objects\addition.d -o.\objects\addition.o -I.\RTE\_Target_1 -IC:
\Keil_v5\ARM\PACK\ARM\CMSIS\5.0.1\Device\ARM\ARMCM4\Include -IC:\Keil_v5\ARM\CM
SIS\Include --predefine="__EVAL SETA 1" --predefine="__UVISION_VERSION SETA 524
" --predefine="ARMCM4 SETA 1" --list=.\listings\addition.lst addition.s



ARM Macro Assembler    Page 1 Alphabetic symbol ordering
Relocatable symbols

PROGRAM 00000000

Symbol: PROGRAM
   Definitions
      At line 1 in file addition.s
   Uses
      None
Comment: PROGRAM unused
entry 00000000

Symbol: entry
   Definitions
      At line 2 in file addition.s
   Uses
      None
Comment: entry unused
val1 00000004

Symbol: val1
   Definitions
      At line 7 in file addition.s
   Uses
      At line 3 in file addition.s
Comment: val1 used once
val2 00000008

Symbol: val2
   Definitions
      At line 8 in file addition.s
   Uses
      At line 4 in file addition.s
Comment: val2 used once
4 symbols
337 symbols in table
